<?xml version="1.0" encoding="UTF-8"?>
<!-- Generated by org.testng.reporters.JUnitReportReporter -->
<testsuite hostname="Abhishek" failures="0" tests="1" name="testCases.TC_AddCustomer" time="23.875" errors="0" timestamp="2023-04-12T14:26:53 IST" skipped="0">
  <testcase classname="testCases.TC_AddCustomer" name="addNewCustomer" time="23.875"/>
  <system-out/>
</testsuite> <!-- testCases.TC_AddCustomer -->
